<?xml version="1.0" encoding="UTF-8"?>
<!-- Generated by org.testng.reporters.JUnitXMLReporter -->
<testsuite ignored="2" hostname="PQA-0784LT" failures="0" tests="0" time="0.001" errors="0" timestamp="2024-11-28T11:01:46 EST">
  <testcase classname="Android.test.eCommerce_tc_1" name="FillForm" time="0.0">
    <ignored/>
  </testcase> <!-- FillForm -->
  <testcase classname="Android.test.eCommerce_tc_1" name="HandleToastMessage" time="0.0">
    <ignored/>
  </testcase> <!-- HandleToastMessage -->
</testsuite>
